# JRE version: OpenJDK Runtime Environment (17.0.6) (build 17.0.6+0-b2043.56-9586694)
# Java VM: OpenJDK 64-Bit Server VM (17.0.6+0-b2043.56-9586694, mixed mode, tiered, compressed oops, compressed class ptrs, g1 gc, windows-amd64)
GC Precious Log:
 CPUs: 4 total, 4 available
 Memory: 8107M
 Large Page Support: Disabled
 NUMA Support: Disabled
 Compressed Oops: Enabled (32-bit)
 Heap Region Size: 1M
 Heap Min Capacity: 8M
 Heap Initial Capacity: 128M
 Heap Max Capacity: 2028M
 Pre-touch: Disabled
 Parallel Workers: 4
 Concurrent Workers: 1
 Concurrent Refinement Workers: 4
 Periodic GC: Disabled
Heap:
 garbage-first heap   total 49152K, used 31826K [0x0000000081400000, 0x0000000100000000)
  region size 1024K, 11 young (11264K), 2 survivors (2048K)
 Metaspace       used 44142K, committed 44352K, reserved 1089536K
  class space    used 5372K, committed 5440K, reserved 1048576K
GC Heap History (20 events):
Event: 4.131 GC heap before
{Heap before GC invocations=1 (full 0):
 garbage-first heap   total 131072K, used 22624K [0x0000000081400000, 0x0000000100000000)
  region size 1024K, 19 young (19456K), 2 survivors (2048K)
 Metaspace       used 14777K, committed 14912K, reserved 1064960K
  class space    used 1467K, committed 1536K, reserved 1048576K
}
Event: 4.139 GC heap after
{Heap after GC invocations=2 (full 0):
 garbage-first heap   total 131072K, used 7028K [0x0000000081400000, 0x0000000100000000)
  region size 1024K, 2 young (2048K), 2 survivors (2048K)
 Metaspace       used 14777K, committed 14912K, reserved 1064960K
  class space    used 1467K, committed 1536K, reserved 1048576K
}
Event: 6.026 GC heap before
{Heap before GC invocations=2 (full 0):
 garbage-first heap   total 131072K, used 30580K [0x0000000081400000, 0x0000000100000000)
  region size 1024K, 26 young (26624K), 2 survivors (2048K)
 Metaspace       used 21306K, committed 21504K, reserved 1073152K
  class space    used 2307K, committed 2432K, reserved 1048576K
}
Event: 6.036 GC heap after
{Heap after GC invocations=3 (full 0):
 garbage-first heap   total 131072K, used 9305K [0x0000000081400000, 0x0000000100000000)
  region size 1024K, 4 young (4096K), 4 survivors (4096K)
 Metaspace       used 21306K, committed 21504K, reserved 1073152K
  class space    used 2307K, committed 2432K, reserved 1048576K
}
Event: 7.606 GC heap before
{Heap before GC invocations=4 (full 0):
 garbage-first heap   total 37888K, used 29785K [0x0000000081400000, 0x0000000100000000)
  region size 1024K, 22 young (22528K), 4 survivors (4096K)
 Metaspace       used 26835K, committed 27072K, reserved 1073152K
  class space    used 2938K, committed 3072K, reserved 1048576K
}
Event: 7.623 GC heap after
{Heap after GC invocations=5 (full 0):
 garbage-first heap   total 37888K, used 14292K [0x0000000081400000, 0x0000000100000000)
  region size 1024K, 2 young (2048K), 2 survivors (2048K)
 Metaspace       used 26835K, committed 27072K, reserved 1073152K
  class space    used 2938K, committed 3072K, reserved 1048576K
}
Event: 9.024 GC heap before
{Heap before GC invocations=5 (full 0):
 garbage-first heap   total 37888K, used 25556K [0x0000000081400000, 0x0000000100000000)
  region size 1024K, 14 young (14336K), 2 survivors (2048K)
 Metaspace       used 31272K, committed 31424K, reserved 1081344K
  class space    used 3775K, committed 3840K, reserved 1048576K
}
Event: 9.032 GC heap after
{Heap after GC invocations=6 (full 0):
 garbage-first heap   total 37888K, used 15004K [0x0000000081400000, 0x0000000100000000)
  region size 1024K, 1 young (1024K), 1 survivors (1024K)
 Metaspace       used 31272K, committed 31424K, reserved 1081344K
  class space    used 3775K, committed 3840K, reserved 1048576K
}
Event: 10.790 GC heap before
{Heap before GC invocations=6 (full 0):
 garbage-first heap   total 37888K, used 28316K [0x0000000081400000, 0x0000000100000000)
  region size 1024K, 13 young (13312K), 1 survivors (1024K)
 Metaspace       used 32696K, committed 32896K, reserved 1081344K
  class space    used 4137K, committed 4224K, reserved 1048576K
}
Event: 10.807 GC heap after
{Heap after GC invocations=7 (full 0):
 garbage-first heap   total 37888K, used 19891K [0x0000000081400000, 0x0000000100000000)
  region size 1024K, 2 young (2048K), 2 survivors (2048K)
 Metaspace       used 32696K, committed 32896K, reserved 1081344K
  class space    used 4137K, committed 4224K, reserved 1048576K
}
Event: 11.704 GC heap before
{Heap before GC invocations=7 (full 0):
 garbage-first heap   total 37888K, used 28083K [0x0000000081400000, 0x0000000100000000)
  region size 1024K, 10 young (10240K), 2 survivors (2048K)
 Metaspace       used 35211K, committed 35392K, reserved 1081344K
  class space    used 4443K, committed 4544K, reserved 1048576K
}
Event: 11.714 GC heap after
{Heap after GC invocations=8 (full 0):
 garbage-first heap   total 37888K, used 20473K [0x0000000081400000, 0x0000000100000000)
  region size 1024K, 1 young (1024K), 1 survivors (1024K)
 Metaspace       used 35211K, committed 35392K, reserved 1081344K
  class space    used 4443K, committed 4544K, reserved 1048576K
}
Event: 12.097 GC heap before
{Heap before GC invocations=9 (full 0):
 garbage-first heap   total 39936K, used 28665K [0x0000000081400000, 0x0000000100000000)
  region size 1024K, 9 young (9216K), 1 survivors (1024K)
 Metaspace       used 36742K, committed 36928K, reserved 1081344K
  class space    used 4648K, committed 4736K, reserved 1048576K
}
Event: 12.102 GC heap after
{Heap after GC invocations=10 (full 0):
 garbage-first heap   total 39936K, used 21227K [0x0000000081400000, 0x0000000100000000)
  region size 1024K, 2 young (2048K), 2 survivors (2048K)
 Metaspace       used 36742K, committed 36928K, reserved 1081344K
  class space    used 4648K, committed 4736K, reserved 1048576K
}
Event: 12.421 GC heap before
{Heap before GC invocations=10 (full 0):
 garbage-first heap   total 39936K, used 28395K [0x0000000081400000, 0x0000000100000000)
  region size 1024K, 10 young (10240K), 2 survivors (2048K)
 Metaspace       used 38195K, committed 38400K, reserved 1089536K
  class space    used 4801K, committed 4864K, reserved 1048576K
}
Event: 12.428 GC heap after
{Heap after GC invocations=11 (full 0):
 garbage-first heap   total 39936K, used 22404K [0x0000000081400000, 0x0000000100000000)
  region size 1024K, 2 young (2048K), 2 survivors (2048K)
 Metaspace       used 38195K, committed 38400K, reserved 1089536K
  class space    used 4801K, committed 4864K, reserved 1048576K
}
Event: 12.909 GC heap before
{Heap before GC invocations=12 (full 0):
 garbage-first heap   total 40960K, used 29572K [0x0000000081400000, 0x0000000100000000)
  region size 1024K, 10 young (10240K), 2 survivors (2048K)
 Metaspace       used 39846K, committed 40000K, reserved 1089536K
  class space    used 4926K, committed 4992K, reserved 1048576K
}
Event: 12.917 GC heap after
{Heap after GC invocations=13 (full 0):
 garbage-first heap   total 40960K, used 23332K [0x0000000081400000, 0x0000000100000000)
  region size 1024K, 1 young (1024K), 1 survivors (1024K)
 Metaspace       used 39846K, committed 40000K, reserved 1089536K
  class space    used 4926K, committed 4992K, reserved 1048576K
}
Event: 13.529 GC heap before
{Heap before GC invocations=13 (full 0):
 garbage-first heap   total 40960K, used 30500K [0x0000000081400000, 0x0000000100000000)
  region size 1024K, 9 young (9216K), 1 survivors (1024K)
 Metaspace       used 41483K, committed 41728K, reserved 1089536K
  class space    used 5077K, committed 5184K, reserved 1048576K
}
Event: 13.537 GC heap after
{Heap after GC invocations=14 (full 0):
 garbage-first heap   total 49152K, used 24658K [0x0000000081400000, 0x0000000100000000)
  region size 1024K, 2 young (2048K), 2 survivors (2048K)
 Metaspace       used 41483K, committed 41728K, reserved 1089536K
  class space    used 5077K, committed 5184K, reserved 1048576K
}

